2024-06-27 18:45:12,985 - folder failed to crreated
2024-06-27 18:46:07,302 - folder failed to crreated
2024-06-27 18:46:24,239 - folder created sucessfully
2024-06-27 18:47:18,098 - folder created sucessfully
2024-06-27 18:47:18,098 - file created sucessfully
2024-06-27 18:47:18,098 - content written sucessfully
2024-06-27 18:47:54,773 - folder failed to crreated
2024-06-27 18:47:54,773 - file failed to create
2024-06-27 18:48:19,538 - file failed to create
2024-06-27 18:48:31,277 - folder created sucessfully
2024-06-27 18:48:31,285 - file created sucessfully
2024-06-27 18:48:31,285 - content written sucessfully
2024-06-27 19:32:42,895 - file failed to create
2024-06-27 19:32:56,490 - file failed to create
2024-06-27 19:34:09,561 - file failed to create
2024-06-27 19:34:23,165 - file failed to create
2024-06-27 19:34:43,959 - folder created sucessfully
2024-06-27 19:34:43,959 - file failed to create
2024-06-27 19:35:06,394 - folder failed to crreated
2024-06-27 19:35:06,394 - file created sucessfully
2024-06-27 19:35:06,394 - content written sucessfully
2024-06-27 19:35:17,900 - folder failed to crreated
2024-06-27 19:35:17,900 - file created sucessfully
2024-06-27 19:35:17,900 - content written sucessfully
2024-06-27 19:39:13,162 - folder failed to crreated
2024-06-27 19:39:13,163 - file created sucessfully
2024-06-27 19:39:13,163 - content written sucessfully
2024-06-27 19:39:29,249 - folder failed to crreated
2024-06-27 19:39:29,250 - file created sucessfully
2024-06-27 19:39:29,250 - content written sucessfully
2024-06-27 19:39:40,266 - folder failed to crreated
2024-06-27 19:39:40,266 - file created sucessfully
2024-06-27 19:39:40,267 - content written sucessfully
2024-06-28 11:36:09,463 - folder failed to crreated
2024-06-28 11:36:09,463 - file created sucessfully
2024-06-28 11:36:09,464 - content written sucessfully
2024-06-28 11:43:17,157 - file created sucessfully
2024-06-28 11:43:17,157 - content written sucessfully
2024-06-28 11:45:21,017 - file created sucessfully
2024-06-28 11:45:21,017 - content written sucessfully
2024-06-28 11:53:18,162 - folder created sucessfully
2024-06-28 11:53:18,163 - file created sucessfully
2024-06-28 11:53:18,163 - content written sucessfully
2024-06-28 11:54:00,459 - file created sucessfully
2024-06-28 11:54:00,459 - content written sucessfully
2024-06-28 11:54:17,925 - file created sucessfully
2024-06-28 11:54:17,925 - content written sucessfully
2024-06-28 11:54:29,016 - file created sucessfully
2024-06-28 11:54:29,016 - content written sucessfully
2024-06-28 11:54:46,891 - file created sucessfully
2024-06-28 11:54:46,891 - content written sucessfully
2024-06-28 11:55:58,478 - file created sucessfully
2024-06-28 11:55:58,478 - file failed to create
2024-06-28 11:56:44,479 - file failed to create
2024-06-28 11:57:33,999 - folder created sucessfully
2024-06-28 11:57:34,000 - file created sucessfully
2024-06-28 11:57:34,000 - file failed to create
2024-06-28 11:58:29,718 - file created sucessfully
2024-06-28 11:58:29,719 - file failed to create
2024-06-28 11:59:02,756 - content written sucessfully
2024-06-28 11:59:16,304 - content written sucessfully
2024-06-28 12:00:13,792 - content written sucessfully
2024-06-28 12:00:41,058 - folder created sucessfully
2024-06-28 12:00:41,058 - file created sucessfully
2024-06-28 12:00:41,058 - file failed to create
2024-06-28 12:01:16,028 - folder created sucessfully
2024-06-28 12:01:16,028 - file created sucessfully
2024-06-28 12:01:16,029 - file failed to create
2024-06-28 12:02:35,960 - folder created sucessfully
2024-06-28 12:02:35,961 - file created sucessfully
2024-06-28 12:02:35,961 - content written sucessfully
2024-06-28 12:02:58,874 - file created sucessfully
2024-06-28 12:02:58,874 - content written sucessfully
2024-06-28 12:04:42,518 - file created sucessfully
2024-06-28 12:04:42,519 - content written sucessfully
